
 * Running on http://0.0.0.0:5000/ (Press CTRL+C to quit)
 * Restarting with stat
 * Debugger is active!
 * Debugger PIN: 278-364-681
--------------------------------------------------------------------------------
INFO in views [/flasky/app/main/views.py:23]:
SQL检测!
--------------------------------------------------------------------------------
--------------------------------------------------------------------------------
INFO in views [/flasky/app/main/views.py:23]:
SQL检测!
--------------------------------------------------------------------------------
--------------------------------------------------------------------------------
INFO in views [/flasky/app/main/views.py:23]:
SQL检测!
--------------------------------------------------------------------------------
--------------------------------------------------------------------------------
INFO in views [/flasky/app/main/views.py:23]:
SQL检测!
--------------------------------------------------------------------------------
--------------------------------------------------------------------------------
INFO in views [/flasky/app/main/views.py:23]:
SQL检测!
--------------------------------------------------------------------------------
192.168.134.1 - - [24/Jul/2018 01:37:43] "GET /useradmin HTTP/1.1" 200 -
--------------------------------------------------------------------------------
INFO in views [/flasky/app/main/views.py:23]:
SQL检测!
--------------------------------------------------------------------------------
192.168.134.1 - - [24/Jul/2018 01:37:44] "GET /static/bootstrap/css/bootstrap.min.css?bootstrap=3.3.7.1.dev1 HTTP/1.1" 304 -
--------------------------------------------------------------------------------
INFO in views [/flasky/app/main/views.py:23]:
SQL检测!
--------------------------------------------------------------------------------
192.168.134.1 - - [24/Jul/2018 01:37:44] "GET /static/styles.css HTTP/1.1" 304 -
--------------------------------------------------------------------------------
INFO in views [/flasky/app/main/views.py:23]:
SQL检测!
--------------------------------------------------------------------------------
192.168.134.1 - - [24/Jul/2018 01:37:44] "GET /static/highlights.css HTTP/1.1" 304 -
--------------------------------------------------------------------------------
INFO in views [/flasky/app/main/views.py:23]:
SQL检测!
--------------------------------------------------------------------------------
192.168.134.1 - - [24/Jul/2018 01:37:44] "GET /ckeditor/static/basic/plugins/codesnippet/lib/highlight/styles/github.css HTTP/1.1" 304 -
--------------------------------------------------------------------------------
INFO in views [/flasky/app/main/views.py:23]:
SQL检测!
--------------------------------------------------------------------------------
192.168.134.1 - - [24/Jul/2018 01:37:44] "GET /ckeditor/static/basic/plugins/codesnippet/lib/highlight/highlight.pack.js HTTP/1.1" 304 -
--------------------------------------------------------------------------------
INFO in views [/flasky/app/main/views.py:23]:
SQL检测!
--------------------------------------------------------------------------------
192.168.134.1 - - [24/Jul/2018 01:37:44] "GET /static/bootstrap/jquery.min.js?bootstrap=3.3.7.1.dev1 HTTP/1.1" 304 -
--------------------------------------------------------------------------------
INFO in views [/flasky/app/main/views.py:23]:
SQL检测!
--------------------------------------------------------------------------------
192.168.134.1 - - [24/Jul/2018 01:37:44] "GET /static/bootstrap/js/bootstrap.min.js?bootstrap=3.3.7.1.dev1 HTTP/1.1" 304 -
--------------------------------------------------------------------------------
INFO in views [/flasky/app/main/views.py:23]:
SQL检测!
--------------------------------------------------------------------------------
192.168.134.1 - - [24/Jul/2018 01:37:44] "GET /static/moment-with-locales.min.js HTTP/1.1" 304 -
--------------------------------------------------------------------------------
INFO in views [/flasky/app/main/views.py:23]:
SQL检测!
--------------------------------------------------------------------------------
192.168.134.1 - - [24/Jul/2018 01:37:44] "GET /static/favicon.ico HTTP/1.1" 200 -
--------------------------------------------------------------------------------
INFO in views [/flasky/app/main/views.py:23]:
SQL检测!
--------------------------------------------------------------------------------
--------------------------------------------------------------------------------
INFO in views [/flasky/app/main/views.py:23]:
SQL检测!
--------------------------------------------------------------------------------
--------------------------------------------------------------------------------
INFO in views [/flasky/app/main/views.py:23]:
SQL检测!
--------------------------------------------------------------------------------
--------------------------------------------------------------------------------
INFO in views [/flasky/app/main/views.py:23]:
SQL检测!
--------------------------------------------------------------------------------
--------------------------------------------------------------------------------
INFO in views [/flasky/app/main/views.py:23]:
SQL检测!
--------------------------------------------------------------------------------
--------------------------------------------------------------------------------
INFO in views [/flasky/app/main/views.py:23]:
SQL检测!
--------------------------------------------------------------------------------
--------------------------------------------------------------------------------
INFO in views [/flasky/app/main/views.py:23]:
SQL检测!
--------------------------------------------------------------------------------
--------------------------------------------------------------------------------
INFO in views [/flasky/app/main/views.py:23]:
SQL检测!
--------------------------------------------------------------------------------
--------------------------------------------------------------------------------
INFO in views [/flasky/app/main/views.py:23]:
SQL检测!
--------------------------------------------------------------------------------
--------------------------------------------------------------------------------
INFO in views [/flasky/app/main/views.py:23]:
SQL检测!
--------------------------------------------------------------------------------
--------------------------------------------------------------------------------
INFO in views [/flasky/app/main/views.py:23]:
SQL检测!
--------------------------------------------------------------------------------
--------------------------------------------------------------------------------
INFO in views [/flasky/app/main/views.py:23]:
SQL检测!
--------------------------------------------------------------------------------
--------------------------------------------------------------------------------
INFO in views [/flasky/app/main/views.py:23]:
SQL检测!
--------------------------------------------------------------------------------
--------------------------------------------------------------------------------
INFO in views [/flasky/app/main/views.py:23]:
SQL检测!
--------------------------------------------------------------------------------
--------------------------------------------------------------------------------
INFO in views [/flasky/app/main/views.py:23]:
SQL检测!
--------------------------------------------------------------------------------
--------------------------------------------------------------------------------
INFO in views [/flasky/app/main/views.py:23]:
SQL检测!
--------------------------------------------------------------------------------
--------------------------------------------------------------------------------
INFO in views [/flasky/app/main/views.py:23]:
SQL检测!
--------------------------------------------------------------------------------
192.168.134.1 - - [24/Jul/2018 01:37:44] "GET / HTTP/1.1" 200 -
--------------------------------------------------------------------------------
INFO in views [/flasky/app/main/views.py:23]:
SQL检测!
--------------------------------------------------------------------------------
192.168.134.1 - - [24/Jul/2018 01:37:44] "GET /static/bootstrap/fonts/glyphicons-halflings-regular.woff2 HTTP/1.1" 304 -
--------------------------------------------------------------------------------
INFO in views [/flasky/app/main/views.py:23]:
SQL检测!
--------------------------------------------------------------------------------
--------------------------------------------------------------------------------
INFO in views [/flasky/app/main/views.py:23]:
SQL检测!
--------------------------------------------------------------------------------
--------------------------------------------------------------------------------
INFO in views [/flasky/app/main/views.py:23]:
SQL检测!
--------------------------------------------------------------------------------
--------------------------------------------------------------------------------
INFO in views [/flasky/app/main/views.py:23]:
SQL检测!
--------------------------------------------------------------------------------
--------------------------------------------------------------------------------
INFO in views [/flasky/app/main/views.py:23]:
SQL检测!
--------------------------------------------------------------------------------
--------------------------------------------------------------------------------
INFO in views [/flasky/app/main/views.py:23]:
SQL检测!
--------------------------------------------------------------------------------
--------------------------------------------------------------------------------
INFO in views [/flasky/app/main/views.py:23]:
SQL检测!
--------------------------------------------------------------------------------
--------------------------------------------------------------------------------
INFO in views [/flasky/app/main/views.py:23]:
SQL检测!
--------------------------------------------------------------------------------
--------------------------------------------------------------------------------
INFO in views [/flasky/app/main/views.py:23]:
SQL检测!
--------------------------------------------------------------------------------
--------------------------------------------------------------------------------
INFO in views [/flasky/app/main/views.py:23]:
SQL检测!
--------------------------------------------------------------------------------
--------------------------------------------------------------------------------
INFO in views [/flasky/app/main/views.py:23]:
SQL检测!
--------------------------------------------------------------------------------
--------------------------------------------------------------------------------
INFO in views [/flasky/app/main/views.py:23]:
SQL检测!
--------------------------------------------------------------------------------
192.168.134.1 - - [24/Jul/2018 01:37:45] "GET /user/linwj HTTP/1.1" 200 -
--------------------------------------------------------------------------------
INFO in views [/flasky/app/main/views.py:23]:
SQL检测!
--------------------------------------------------------------------------------
--------------------------------------------------------------------------------
INFO in views [/flasky/app/main/views.py:23]:
SQL检测!
--------------------------------------------------------------------------------
--------------------------------------------------------------------------------
INFO in views [/flasky/app/main/views.py:23]:
SQL检测!
--------------------------------------------------------------------------------
--------------------------------------------------------------------------------
INFO in views [/flasky/app/main/views.py:23]:
SQL检测!
--------------------------------------------------------------------------------
--------------------------------------------------------------------------------
INFO in views [/flasky/app/main/views.py:23]:
SQL检测!
--------------------------------------------------------------------------------
--------------------------------------------------------------------------------
INFO in views [/flasky/app/main/views.py:23]:
SQL检测!
--------------------------------------------------------------------------------
--------------------------------------------------------------------------------
INFO in views [/flasky/app/main/views.py:23]:
SQL检测!
--------------------------------------------------------------------------------
--------------------------------------------------------------------------------
INFO in views [/flasky/app/main/views.py:23]:
SQL检测!
--------------------------------------------------------------------------------
--------------------------------------------------------------------------------
INFO in views [/flasky/app/main/views.py:23]:
SQL检测!
--------------------------------------------------------------------------------
--------------------------------------------------------------------------------
INFO in views [/flasky/app/main/views.py:23]:
SQL检测!
--------------------------------------------------------------------------------
--------------------------------------------------------------------------------
INFO in views [/flasky/app/main/views.py:23]:
SQL检测!
--------------------------------------------------------------------------------
--------------------------------------------------------------------------------
INFO in views [/flasky/app/main/views.py:23]:
SQL检测!
--------------------------------------------------------------------------------
192.168.134.1 - - [24/Jul/2018 01:37:46] "GET /moderate HTTP/1.1" 200 -
--------------------------------------------------------------------------------
INFO in views [/flasky/app/main/views.py:23]:
SQL检测!
--------------------------------------------------------------------------------
--------------------------------------------------------------------------------
INFO in views [/flasky/app/main/views.py:23]:
SQL检测!
--------------------------------------------------------------------------------
--------------------------------------------------------------------------------
INFO in views [/flasky/app/main/views.py:23]:
SQL检测!
--------------------------------------------------------------------------------
--------------------------------------------------------------------------------
INFO in views [/flasky/app/main/views.py:23]:
SQL检测!
--------------------------------------------------------------------------------
--------------------------------------------------------------------------------
INFO in views [/flasky/app/main/views.py:23]:
SQL检测!
--------------------------------------------------------------------------------
192.168.134.1 - - [24/Jul/2018 01:37:46] "GET /useradmin HTTP/1.1" 200 -
--------------------------------------------------------------------------------
INFO in views [/flasky/app/main/views.py:23]:
SQL检测!
--------------------------------------------------------------------------------
--------------------------------------------------------------------------------
INFO in views [/flasky/app/main/views.py:23]:
SQL检测!
--------------------------------------------------------------------------------
--------------------------------------------------------------------------------
INFO in views [/flasky/app/main/views.py:23]:
SQL检测!
--------------------------------------------------------------------------------
--------------------------------------------------------------------------------
INFO in views [/flasky/app/main/views.py:23]:
SQL检测!
--------------------------------------------------------------------------------
--------------------------------------------------------------------------------
INFO in views [/flasky/app/main/views.py:23]:
SQL检测!
--------------------------------------------------------------------------------
--------------------------------------------------------------------------------
INFO in views [/flasky/app/main/views.py:23]:
SQL检测!
--------------------------------------------------------------------------------
--------------------------------------------------------------------------------
INFO in views [/flasky/app/main/views.py:23]:
SQL检测!
--------------------------------------------------------------------------------
--------------------------------------------------------------------------------
INFO in views [/flasky/app/main/views.py:23]:
SQL检测!
--------------------------------------------------------------------------------
--------------------------------------------------------------------------------
INFO in views [/flasky/app/main/views.py:23]:
SQL检测!
--------------------------------------------------------------------------------
--------------------------------------------------------------------------------
INFO in views [/flasky/app/main/views.py:23]:
SQL检测!
--------------------------------------------------------------------------------
--------------------------------------------------------------------------------
INFO in views [/flasky/app/main/views.py:23]:
SQL检测!
--------------------------------------------------------------------------------
--------------------------------------------------------------------------------
INFO in views [/flasky/app/main/views.py:23]:
SQL检测!
--------------------------------------------------------------------------------
--------------------------------------------------------------------------------
INFO in views [/flasky/app/main/views.py:23]:
SQL检测!
--------------------------------------------------------------------------------
--------------------------------------------------------------------------------
INFO in views [/flasky/app/main/views.py:23]:
SQL检测!
--------------------------------------------------------------------------------
--------------------------------------------------------------------------------
INFO in views [/flasky/app/main/views.py:23]:
SQL检测!
--------------------------------------------------------------------------------
--------------------------------------------------------------------------------
INFO in views [/flasky/app/main/views.py:23]:
SQL检测!
--------------------------------------------------------------------------------
--------------------------------------------------------------------------------
INFO in views [/flasky/app/main/views.py:23]:
SQL检测!
--------------------------------------------------------------------------------
192.168.134.1 - - [24/Jul/2018 01:37:47] "GET / HTTP/1.1" 200 -
--------------------------------------------------------------------------------
INFO in views [/flasky/app/main/views.py:23]:
SQL检测!
--------------------------------------------------------------------------------
--------------------------------------------------------------------------------
INFO in views [/flasky/app/main/views.py:23]:
SQL检测!
--------------------------------------------------------------------------------
--------------------------------------------------------------------------------
INFO in views [/flasky/app/main/views.py:23]:
SQL检测!
--------------------------------------------------------------------------------
--------------------------------------------------------------------------------
INFO in views [/flasky/app/main/views.py:23]:
SQL检测!
--------------------------------------------------------------------------------
--------------------------------------------------------------------------------
INFO in views [/flasky/app/main/views.py:23]:
SQL检测!
--------------------------------------------------------------------------------
--------------------------------------------------------------------------------
INFO in views [/flasky/app/main/views.py:23]:
SQL检测!
--------------------------------------------------------------------------------
--------------------------------------------------------------------------------
INFO in views [/flasky/app/main/views.py:23]:
SQL检测!
--------------------------------------------------------------------------------
--------------------------------------------------------------------------------
INFO in views [/flasky/app/main/views.py:23]:
SQL检测!
--------------------------------------------------------------------------------
--------------------------------------------------------------------------------
INFO in views [/flasky/app/main/views.py:23]:
SQL检测!
--------------------------------------------------------------------------------
--------------------------------------------------------------------------------
INFO in views [/flasky/app/main/views.py:23]:
SQL检测!
--------------------------------------------------------------------------------
--------------------------------------------------------------------------------
INFO in views [/flasky/app/main/views.py:23]:
SQL检测!
--------------------------------------------------------------------------------
--------------------------------------------------------------------------------
INFO in views [/flasky/app/main/views.py:23]:
SQL检测!
--------------------------------------------------------------------------------
192.168.134.1 - - [24/Jul/2018 01:37:48] "GET /user/linwj HTTP/1.1" 200 -
--------------------------------------------------------------------------------
INFO in views [/flasky/app/main/views.py:23]:
SQL检测!
--------------------------------------------------------------------------------
--------------------------------------------------------------------------------
INFO in views [/flasky/app/main/views.py:23]:
SQL检测!
--------------------------------------------------------------------------------
--------------------------------------------------------------------------------
INFO in views [/flasky/app/main/views.py:23]:
SQL检测!
--------------------------------------------------------------------------------
--------------------------------------------------------------------------------
INFO in views [/flasky/app/main/views.py:23]:
SQL检测!
--------------------------------------------------------------------------------
--------------------------------------------------------------------------------
INFO in views [/flasky/app/main/views.py:23]:
SQL检测!
--------------------------------------------------------------------------------
--------------------------------------------------------------------------------
INFO in views [/flasky/app/main/views.py:23]:
SQL检测!
--------------------------------------------------------------------------------
--------------------------------------------------------------------------------
INFO in views [/flasky/app/main/views.py:23]:
SQL检测!
--------------------------------------------------------------------------------
--------------------------------------------------------------------------------
INFO in views [/flasky/app/main/views.py:23]:
SQL检测!
--------------------------------------------------------------------------------
--------------------------------------------------------------------------------
INFO in views [/flasky/app/main/views.py:23]:
SQL检测!
--------------------------------------------------------------------------------
--------------------------------------------------------------------------------
INFO in views [/flasky/app/main/views.py:23]:
SQL检测!
--------------------------------------------------------------------------------
--------------------------------------------------------------------------------
INFO in views [/flasky/app/main/views.py:23]:
SQL检测!
--------------------------------------------------------------------------------
--------------------------------------------------------------------------------
INFO in views [/flasky/app/main/views.py:23]:
SQL检测!
--------------------------------------------------------------------------------
192.168.134.1 - - [24/Jul/2018 01:37:48] "GET /moderate HTTP/1.1" 200 -
--------------------------------------------------------------------------------
INFO in views [/flasky/app/main/views.py:23]:
SQL检测!
--------------------------------------------------------------------------------
--------------------------------------------------------------------------------
INFO in views [/flasky/app/main/views.py:23]:
SQL检测!
--------------------------------------------------------------------------------
--------------------------------------------------------------------------------
INFO in views [/flasky/app/main/views.py:23]:
SQL检测!
--------------------------------------------------------------------------------
--------------------------------------------------------------------------------
INFO in views [/flasky/app/main/views.py:23]:
SQL检测!
--------------------------------------------------------------------------------
--------------------------------------------------------------------------------
INFO in views [/flasky/app/main/views.py:23]:
SQL检测!
--------------------------------------------------------------------------------
192.168.134.1 - - [24/Jul/2018 01:37:49] "GET /useradmin HTTP/1.1" 200 -
--------------------------------------------------------------------------------
INFO in views [/flasky/app/main/views.py:23]:
SQL检测!
--------------------------------------------------------------------------------
--------------------------------------------------------------------------------
INFO in views [/flasky/app/main/views.py:23]:
SQL检测!
--------------------------------------------------------------------------------
--------------------------------------------------------------------------------
INFO in views [/flasky/app/main/views.py:23]:
SQL检测!
--------------------------------------------------------------------------------
--------------------------------------------------------------------------------
INFO in views [/flasky/app/main/views.py:23]:
SQL检测!
--------------------------------------------------------------------------------
--------------------------------------------------------------------------------
INFO in views [/flasky/app/main/views.py:23]:
SQL检测!
--------------------------------------------------------------------------------
--------------------------------------------------------------------------------
INFO in views [/flasky/app/main/views.py:23]:
SQL检测!
--------------------------------------------------------------------------------
--------------------------------------------------------------------------------
INFO in views [/flasky/app/main/views.py:23]:
SQL检测!
--------------------------------------------------------------------------------
--------------------------------------------------------------------------------
INFO in views [/flasky/app/main/views.py:23]:
SQL检测!
--------------------------------------------------------------------------------
--------------------------------------------------------------------------------
INFO in views [/flasky/app/main/views.py:23]:
SQL检测!
--------------------------------------------------------------------------------
--------------------------------------------------------------------------------
INFO in views [/flasky/app/main/views.py:23]:
SQL检测!
--------------------------------------------------------------------------------
--------------------------------------------------------------------------------
INFO in views [/flasky/app/main/views.py:23]:
SQL检测!
--------------------------------------------------------------------------------
--------------------------------------------------------------------------------
INFO in views [/flasky/app/main/views.py:23]:
SQL检测!
--------------------------------------------------------------------------------
--------------------------------------------------------------------------------
INFO in views [/flasky/app/main/views.py:23]:
SQL检测!
--------------------------------------------------------------------------------
--------------------------------------------------------------------------------
INFO in views [/flasky/app/main/views.py:23]:
SQL检测!
--------------------------------------------------------------------------------
--------------------------------------------------------------------------------
INFO in views [/flasky/app/main/views.py:23]:
SQL检测!
--------------------------------------------------------------------------------
--------------------------------------------------------------------------------
INFO in views [/flasky/app/main/views.py:23]:
SQL检测!
--------------------------------------------------------------------------------
--------------------------------------------------------------------------------
INFO in views [/flasky/app/main/views.py:23]:
SQL检测!
--------------------------------------------------------------------------------
192.168.134.1 - - [24/Jul/2018 01:38:45] "GET / HTTP/1.1" 200 -
